<html>
<head>
<title>TestNG:  Regression</title>
<link href="../testng.css" rel="stylesheet" type="text/css" />
<link href="../my-testng.css" rel="stylesheet" type="text/css" />

<style type="text/css">
.log { display: none;} 
.stack-trace { display: none;} 
</style>
<script type="text/javascript">
<!--
function flip(e) {
  current = e.style.display;
  if (current == 'block') {
    e.style.display = 'none';
    return 0;
  }
  else {
    e.style.display = 'block';
    return 1;
  }
}

function toggleBox(szDivId, elem, msg1, msg2)
{
  var res = -1;  if (document.getElementById) {
    res = flip(document.getElementById(szDivId));
  }
  else if (document.all) {
    // this is the way old msie versions work
    res = flip(document.all[szDivId]);
  }
  if(elem) {
    if(res == 0) elem.innerHTML = msg1; else elem.innerHTML = msg2;
  }

}

function toggleAllBoxes() {
  if (document.getElementsByTagName) {
    d = document.getElementsByTagName('div');
    for (i = 0; i < d.length; i++) {
      if (d[i].className == 'log') {
        flip(d[i]);
      }
    }
  }
}

// -->
</script>

</head>
<body>
<h2 align='center'>Regression</h2><table border='1' align="center">
<tr>
<td>Tests passed/Failed/Skipped:</td><td>0/1/0</td>
</tr><tr>
<td>Started on:</td><td>Tue May 25 13:12:25 IST 2021</td>
</tr>
<tr><td>Total time:</td><td>69 seconds (69135 ms)</td>
</tr><tr>
<td>Included groups:</td><td></td>
</tr><tr>
<td>Excluded groups:</td><td></td>
</tr>
</table><p/>
<small><i>(Hover the method name to see the test class name)</i></small><p/>
<table width='100%' border='1' class='invocation-failed'>
<tr><td colspan='4' align='center'><b>FAILED TESTS</b></td></tr>
<tr><td><b>Test method</b></td>
<td width="30%"><b>Exception</b></td>
<td width="10%"><b>Time (seconds)</b></td>
<td><b>Instance</b></td>
</tr>
<tr>
<td title='testCases.MyFirstTestCaseTest.testCase_001()'><b>testCase_001</b><br>Test class: testCases.MyFirstTestCaseTest</td>
<td><div><pre>org.openqa.selenium.SessionNotCreatedException: session not created
from disconnected: received Inspector.detached event
  (Session info: chrome=90.0.4430.212)
Build info: version: &apos;3.141.59&apos;, revision: &apos;e82be7d358&apos;, time: &apos;2018-11-14T08:17:03&apos;
System info: host: &apos;DESKTOP-1EV5FMN&apos;, ip: &apos;192.168.56.1&apos;, os.name: &apos;Windows 10&apos;, os.arch: &apos;amd64&apos;, os.version: &apos;10.0&apos;, java.version: &apos;11.0.10&apos;
Driver info: driver.version: ChromeDriver
remote stacktrace: Backtrace:
	Ordinal0 [0x0051C013+2474003]
	Ordinal0 [0x004B29C1+2042305]
	Ordinal0 [0x003C2F68+1060712]
	Ordinal0 [0x003B6214+1008148]
	Ordinal0 [0x003B56E3+1005283]
	Ordinal0 [0x003B4258+1000024]
	Ordinal0 [0x003B3DA5+998821]
	Ordinal0 [0x003BF164+1044836]
	Ordinal0 [0x003B3D31+998705]
	Ordinal0 [0x003B4FAF+1003439]
	Ordinal0 [0x003B4258+1000024]
	Ordinal0 [0x003B3DA5+998821]
	Ordinal0 [0x003BCDDA+1035738]
	Ordinal0 [0x003B3D31+998705]
	Ordinal0 [0x003B4FAF+1003439]
	Ordinal0 [0x003B4258+1000024]
	Ordinal0 [0x003B3DA5+998821]
	Ordinal0 [0x003BA929+1026345]
	Ordinal0 [0x003B3D31+998705]
	Ordinal0 [0x003B4FAF+1003439]
	Ordinal0 [0x003B4258+1000024]
	Ordinal0 [0x003B3DA5+998821]
	Ordinal0 [0x003B9DBC+1023420]
	Ordinal0 [0x003B3D31+998705]
	Ordinal0 [0x003B4FAF+1003439]
	Ordinal0 [0x003B4258+1000024]
	Ordinal0 [0x003B3DA5+998821]
	Ordinal0 [0x003AFA5D+981597]
	Ordinal0 [0x003B3D31+998705]
	Ordinal0 [0x003B3A85+998021]
	Ordinal0 [0x003B3829+997417]
	Ordinal0 [0x003C4090+1065104]
	Ordinal0 [0x0040B798+1357720]
	Ordinal0 [0x00408FAA+1347498]
	Ordinal0 [0x004066DB+1337051]
	Ordinal0 [0x003E3427+1192999]
	Ordinal0 [0x003E42EE+1196782]
	Ordinal0 [0x003E4279+1196665]
	GetHandleVerifier [0x006A96FC+1590332]
	GetHandleVerifier [0x00758614+2306900]
	GetHandleVerifier [0x005A9E93+543699]
	GetHandleVerifier [0x005A92CE+540686]
	Ordinal0 [0x004B86BA+2066106]
	Ordinal0 [0x004BD1C8+2085320]
	Ordinal0 [0x004BD308+2085640]
	Ordinal0 [0x004C67F3+2123763]
	BaseThreadInitThunk [0x767138F4+36]
	RtlUnicodeStringToInteger [0x770E5DE3+595]
	RtlUnicodeStringToInteger [0x770E5DAE+542]

	at org.openqa.selenium.remote.W3CHandshakeResponse.lambda$errorHandler$0(W3CHandshakeResponse.java:62)
	at org.openqa.selenium.remote.HandshakeResponse.lambda$getResponseFunction$0(HandshakeResponse.java:30)
	at org.openqa.selenium.remote.ProtocolHandshake.lambda$createSession$0(ProtocolHandshake.java:126)
	at java.base/java.util.stream.ReferencePipeline$3$1.accept(ReferencePipeline.java:195)
	at java.base/java.util.Spliterators$ArraySpliterator.tryAdvance(Spliterators.java:958)
	at java.base/java.util.stream.ReferencePipeline.forEachWithCancel(ReferencePipeline.java:127)
	at java.base/java.util.stream.AbstractPipeline.copyIntoWithCancel(AbstractPipeline.java:502)
	at java.base/java.util.stream.AbstractPipeline.copyInto(AbstractPipeline.java:488)
	at java.base/java.util.stream.AbstractPipeline.wrapAndCopyInto(AbstractPipeline.java:474)
	at java.base/java.util.stream.FindOps$FindOp.evaluateSequential(FindOps.java:150)
	at java.base/java.util.stream.AbstractPipeline.evaluate(AbstractPipeline.java:234)
	at java.base/java.util.stream.ReferencePipeline.findFirst(ReferencePipeline.java:543)
	at org.openqa.selenium.remote.ProtocolHandshake.createSession(ProtocolHandshake.java:128)
	at org.openqa.selenium.remote.ProtocolHandshake.createSession(ProtocolHandshake.java:74)
	at org.openqa.selenium.remote.HttpCommandExecutor.execute(HttpCommandExecutor.java:136)
	at org.openqa.selenium.remote.service.DriverCommandExecutor.execute(DriverCommandExecutor.java:83)
	at org.openqa.selenium.remote.RemoteWebDriver.execute(RemoteWebDriver.java:552)
	at org.openqa.selenium.remote.RemoteWebDriver.startSession(RemoteWebDriver.java:213)
	at org.openqa.selenium.remote.RemoteWebDriver.&lt;init&gt;(RemoteWebDriver.java:131)
	at org.openqa.selenium.chrome.ChromeDriver.&lt;init&gt;(ChromeDriver.java:181)
	at org.openqa.selenium.chrome.ChromeDriver.&lt;init&gt;(ChromeDriver.java:168)
	at org.openqa.selenium.chrome.ChromeDriver.&lt;init&gt;(ChromeDriver.java:123)
	at testCases.MyFirstTestCaseTest.testCase_001(MyFirstTestCaseTest.java:16)
... Removed 29 stack frames</pre></div><a href='#' onClick='toggleBox("stack-trace662666707", this, "Click to show all stack frames", "Click to hide stack frames")'>Click to show all stack frames</a>
<div class='stack-trace' id='stack-trace662666707'><pre>org.openqa.selenium.SessionNotCreatedException: session not created
from disconnected: received Inspector.detached event
  (Session info: chrome=90.0.4430.212)
Build info: version: &apos;3.141.59&apos;, revision: &apos;e82be7d358&apos;, time: &apos;2018-11-14T08:17:03&apos;
System info: host: &apos;DESKTOP-1EV5FMN&apos;, ip: &apos;192.168.56.1&apos;, os.name: &apos;Windows 10&apos;, os.arch: &apos;amd64&apos;, os.version: &apos;10.0&apos;, java.version: &apos;11.0.10&apos;
Driver info: driver.version: ChromeDriver
remote stacktrace: Backtrace:
	Ordinal0 [0x0051C013+2474003]
	Ordinal0 [0x004B29C1+2042305]
	Ordinal0 [0x003C2F68+1060712]
	Ordinal0 [0x003B6214+1008148]
	Ordinal0 [0x003B56E3+1005283]
	Ordinal0 [0x003B4258+1000024]
	Ordinal0 [0x003B3DA5+998821]
	Ordinal0 [0x003BF164+1044836]
	Ordinal0 [0x003B3D31+998705]
	Ordinal0 [0x003B4FAF+1003439]
	Ordinal0 [0x003B4258+1000024]
	Ordinal0 [0x003B3DA5+998821]
	Ordinal0 [0x003BCDDA+1035738]
	Ordinal0 [0x003B3D31+998705]
	Ordinal0 [0x003B4FAF+1003439]
	Ordinal0 [0x003B4258+1000024]
	Ordinal0 [0x003B3DA5+998821]
	Ordinal0 [0x003BA929+1026345]
	Ordinal0 [0x003B3D31+998705]
	Ordinal0 [0x003B4FAF+1003439]
	Ordinal0 [0x003B4258+1000024]
	Ordinal0 [0x003B3DA5+998821]
	Ordinal0 [0x003B9DBC+1023420]
	Ordinal0 [0x003B3D31+998705]
	Ordinal0 [0x003B4FAF+1003439]
	Ordinal0 [0x003B4258+1000024]
	Ordinal0 [0x003B3DA5+998821]
	Ordinal0 [0x003AFA5D+981597]
	Ordinal0 [0x003B3D31+998705]
	Ordinal0 [0x003B3A85+998021]
	Ordinal0 [0x003B3829+997417]
	Ordinal0 [0x003C4090+1065104]
	Ordinal0 [0x0040B798+1357720]
	Ordinal0 [0x00408FAA+1347498]
	Ordinal0 [0x004066DB+1337051]
	Ordinal0 [0x003E3427+1192999]
	Ordinal0 [0x003E42EE+1196782]
	Ordinal0 [0x003E4279+1196665]
	GetHandleVerifier [0x006A96FC+1590332]
	GetHandleVerifier [0x00758614+2306900]
	GetHandleVerifier [0x005A9E93+543699]
	GetHandleVerifier [0x005A92CE+540686]
	Ordinal0 [0x004B86BA+2066106]
	Ordinal0 [0x004BD1C8+2085320]
	Ordinal0 [0x004BD308+2085640]
	Ordinal0 [0x004C67F3+2123763]
	BaseThreadInitThunk [0x767138F4+36]
	RtlUnicodeStringToInteger [0x770E5DE3+595]
	RtlUnicodeStringToInteger [0x770E5DAE+542]

	at java.base/jdk.internal.reflect.NativeConstructorAccessorImpl.newInstance0(Native Method)
	at java.base/jdk.internal.reflect.NativeConstructorAccessorImpl.newInstance(NativeConstructorAccessorImpl.java:62)
	at java.base/jdk.internal.reflect.DelegatingConstructorAccessorImpl.newInstance(DelegatingConstructorAccessorImpl.java:45)
	at java.base/java.lang.reflect.Constructor.newInstance(Constructor.java:490)
	at org.openqa.selenium.remote.W3CHandshakeResponse.lambda$errorHandler$0(W3CHandshakeResponse.java:62)
	at org.openqa.selenium.remote.HandshakeResponse.lambda$getResponseFunction$0(HandshakeResponse.java:30)
	at org.openqa.selenium.remote.ProtocolHandshake.lambda$createSession$0(ProtocolHandshake.java:126)
	at java.base/java.util.stream.ReferencePipeline$3$1.accept(ReferencePipeline.java:195)
	at java.base/java.util.Spliterators$ArraySpliterator.tryAdvance(Spliterators.java:958)
	at java.base/java.util.stream.ReferencePipeline.forEachWithCancel(ReferencePipeline.java:127)
	at java.base/java.util.stream.AbstractPipeline.copyIntoWithCancel(AbstractPipeline.java:502)
	at java.base/java.util.stream.AbstractPipeline.copyInto(AbstractPipeline.java:488)
	at java.base/java.util.stream.AbstractPipeline.wrapAndCopyInto(AbstractPipeline.java:474)
	at java.base/java.util.stream.FindOps$FindOp.evaluateSequential(FindOps.java:150)
	at java.base/java.util.stream.AbstractPipeline.evaluate(AbstractPipeline.java:234)
	at java.base/java.util.stream.ReferencePipeline.findFirst(ReferencePipeline.java:543)
	at org.openqa.selenium.remote.ProtocolHandshake.createSession(ProtocolHandshake.java:128)
	at org.openqa.selenium.remote.ProtocolHandshake.createSession(ProtocolHandshake.java:74)
	at org.openqa.selenium.remote.HttpCommandExecutor.execute(HttpCommandExecutor.java:136)
	at org.openqa.selenium.remote.service.DriverCommandExecutor.execute(DriverCommandExecutor.java:83)
	at org.openqa.selenium.remote.RemoteWebDriver.execute(RemoteWebDriver.java:552)
	at org.openqa.selenium.remote.RemoteWebDriver.startSession(RemoteWebDriver.java:213)
	at org.openqa.selenium.remote.RemoteWebDriver.&lt;init&gt;(RemoteWebDriver.java:131)
	at org.openqa.selenium.chrome.ChromeDriver.&lt;init&gt;(ChromeDriver.java:181)
	at org.openqa.selenium.chrome.ChromeDriver.&lt;init&gt;(ChromeDriver.java:168)
	at org.openqa.selenium.chrome.ChromeDriver.&lt;init&gt;(ChromeDriver.java:123)
	at testCases.MyFirstTestCaseTest.testCase_001(MyFirstTestCaseTest.java:16)
	at java.base/jdk.internal.reflect.NativeMethodAccessorImpl.invoke0(Native Method)
	at java.base/jdk.internal.reflect.NativeMethodAccessorImpl.invoke(NativeMethodAccessorImpl.java:62)
	at java.base/jdk.internal.reflect.DelegatingMethodAccessorImpl.invoke(DelegatingMethodAccessorImpl.java:43)
	at java.base/java.lang.reflect.Method.invoke(Method.java:566)
	at org.testng.internal.MethodInvocationHelper.invokeMethod(MethodInvocationHelper.java:124)
	at org.testng.internal.Invoker.invokeMethod(Invoker.java:583)
	at org.testng.internal.Invoker.invokeTestMethod(Invoker.java:719)
	at org.testng.internal.Invoker.invokeTestMethods(Invoker.java:989)
	at org.testng.internal.TestMethodWorker.invokeTestMethods(TestMethodWorker.java:125)
	at org.testng.internal.TestMethodWorker.run(TestMethodWorker.java:109)
	at org.testng.TestRunner.privateRun(TestRunner.java:648)
	at org.testng.TestRunner.run(TestRunner.java:505)
	at org.testng.SuiteRunner.runTest(SuiteRunner.java:455)
	at org.testng.SuiteRunner.runSequentially(SuiteRunner.java:450)
	at org.testng.SuiteRunner.privateRun(SuiteRunner.java:415)
	at org.testng.SuiteRunner.run(SuiteRunner.java:364)
	at org.testng.SuiteRunnerWorker.runSuite(SuiteRunnerWorker.java:52)
	at org.testng.SuiteRunnerWorker.run(SuiteRunnerWorker.java:84)
	at org.testng.TestNG.runSuitesSequentially(TestNG.java:1208)
	at org.testng.TestNG.runSuitesLocally(TestNG.java:1137)
	at org.testng.TestNG.runSuites(TestNG.java:1049)
	at org.testng.TestNG.run(TestNG.java:1017)
	at org.testng.remote.AbstractRemoteTestNG.run(AbstractRemoteTestNG.java:115)
	at org.testng.remote.RemoteTestNG.initAndRun(RemoteTestNG.java:251)
	at org.testng.remote.RemoteTestNG.main(RemoteTestNG.java:77)
</pre></div></td>
<td>68</td>
<td>testCases.MyFirstTestCaseTest@7bedc48a</td></tr>
</table><p>
</body>
</html>