<?xml version="1.0" encoding="UTF-8"?>
<!-- Generated by org.testng.reporters.JUnitXMLReporter -->
<testsuite ignored="0" hostname="DESKTOP-1EV5FMN" failures="1" tests="1" name="Regression" time="69.135" errors="0" timestamp="25 May 2021 07:43:34 GMT">
  <testcase classname="testCases.MyFirstTestCaseTest" name="testCase_001" time="68.922">
    <failure type="org.openqa.selenium.SessionNotCreatedException" message="session not created
from disconnected: received Inspector.detached event
  (Session info: chrome=90.0.4430.212)
Build info: version: &amp;apos;3.141.59&amp;apos;, revision: &amp;apos;e82be7d358&amp;apos;, time: &amp;apos;2018-11-14T08:17:03&amp;apos;
System info: host: &amp;apos;DESKTOP-1EV5FMN&amp;apos;, ip: &amp;apos;192.168.56.1&amp;apos;, os.name: &amp;apos;Windows 10&amp;apos;, os.arch: &amp;apos;amd64&amp;apos;, os.version: &amp;apos;10.0&amp;apos;, java.version: &amp;apos;11.0.10&amp;apos;
Driver info: driver.version: ChromeDriver
remote stacktrace: Backtrace:
	Ordinal0 [0x0051C013+2474003]
	Ordinal0 [0x004B29C1+2042305]
	Ordinal0 [0x003C2F68+1060712]
	Ordinal0 [0x003B6214+1008148]
	Ordinal0 [0x003B56E3+1005283]
	Ordinal0 [0x003B4258+1000024]
	Ordinal0 [0x003B3DA5+998821]
	Ordinal0 [0x003BF164+1044836]
	Ordinal0 [0x003B3D31+998705]
	Ordinal0 [0x003B4FAF+1003439]
	Ordinal0 [0x003B4258+1000024]
	Ordinal0 [0x003B3DA5+998821]
	Ordinal0 [0x003BCDDA+1035738]
	Ordinal0 [0x003B3D31+998705]
	Ordinal0 [0x003B4FAF+1003439]
	Ordinal0 [0x003B4258+1000024]
	Ordinal0 [0x003B3DA5+998821]
	Ordinal0 [0x003BA929+1026345]
	Ordinal0 [0x003B3D31+998705]
	Ordinal0 [0x003B4FAF+1003439]
	Ordinal0 [0x003B4258+1000024]
	Ordinal0 [0x003B3DA5+998821]
	Ordinal0 [0x003B9DBC+1023420]
	Ordinal0 [0x003B3D31+998705]
	Ordinal0 [0x003B4FAF+1003439]
	Ordinal0 [0x003B4258+1000024]
	Ordinal0 [0x003B3DA5+998821]
	Ordinal0 [0x003AFA5D+981597]
	Ordinal0 [0x003B3D31+998705]
	Ordinal0 [0x003B3A85+998021]
	Ordinal0 [0x003B3829+997417]
	Ordinal0 [0x003C4090+1065104]
	Ordinal0 [0x0040B798+1357720]
	Ordinal0 [0x00408FAA+1347498]
	Ordinal0 [0x004066DB+1337051]
	Ordinal0 [0x003E3427+1192999]
	Ordinal0 [0x003E42EE+1196782]
	Ordinal0 [0x003E4279+1196665]
	GetHandleVerifier [0x006A96FC+1590332]
	GetHandleVerifier [0x00758614+2306900]
	GetHandleVerifier [0x005A9E93+543699]
	GetHandleVerifier [0x005A92CE+540686]
	Ordinal0 [0x004B86BA+2066106]
	Ordinal0 [0x004BD1C8+2085320]
	Ordinal0 [0x004BD308+2085640]
	Ordinal0 [0x004C67F3+2123763]
	BaseThreadInitThunk [0x767138F4+36]
	RtlUnicodeStringToInteger [0x770E5DE3+595]
	RtlUnicodeStringToInteger [0x770E5DAE+542]
">
      <![CDATA[org.openqa.selenium.SessionNotCreatedException: session not created
from disconnected: received Inspector.detached event
  (Session info: chrome=90.0.4430.212)
Build info: version: '3.141.59', revision: 'e82be7d358', time: '2018-11-14T08:17:03'
System info: host: 'DESKTOP-1EV5FMN', ip: '192.168.56.1', os.name: 'Windows 10', os.arch: 'amd64', os.version: '10.0', java.version: '11.0.10'
Driver info: driver.version: ChromeDriver
remote stacktrace: Backtrace:
Ordinal0 [0x0051C013+2474003]
Ordinal0 [0x004B29C1+2042305]
Ordinal0 [0x003C2F68+1060712]
Ordinal0 [0x003B6214+1008148]
Ordinal0 [0x003B56E3+1005283]
Ordinal0 [0x003B4258+1000024]
Ordinal0 [0x003B3DA5+998821]
Ordinal0 [0x003BF164+1044836]
Ordinal0 [0x003B3D31+998705]
Ordinal0 [0x003B4FAF+1003439]
Ordinal0 [0x003B4258+1000024]
Ordinal0 [0x003B3DA5+998821]
Ordinal0 [0x003BCDDA+1035738]
Ordinal0 [0x003B3D31+998705]
Ordinal0 [0x003B4FAF+1003439]
Ordinal0 [0x003B4258+1000024]
Ordinal0 [0x003B3DA5+998821]
Ordinal0 [0x003BA929+1026345]
Ordinal0 [0x003B3D31+998705]
Ordinal0 [0x003B4FAF+1003439]
Ordinal0 [0x003B4258+1000024]
Ordinal0 [0x003B3DA5+998821]
Ordinal0 [0x003B9DBC+1023420]
Ordinal0 [0x003B3D31+998705]
Ordinal0 [0x003B4FAF+1003439]
Ordinal0 [0x003B4258+1000024]
Ordinal0 [0x003B3DA5+998821]
Ordinal0 [0x003AFA5D+981597]
Ordinal0 [0x003B3D31+998705]
Ordinal0 [0x003B3A85+998021]
Ordinal0 [0x003B3829+997417]
Ordinal0 [0x003C4090+1065104]
Ordinal0 [0x0040B798+1357720]
Ordinal0 [0x00408FAA+1347498]
Ordinal0 [0x004066DB+1337051]
Ordinal0 [0x003E3427+1192999]
Ordinal0 [0x003E42EE+1196782]
Ordinal0 [0x003E4279+1196665]
GetHandleVerifier [0x006A96FC+1590332]
GetHandleVerifier [0x00758614+2306900]
GetHandleVerifier [0x005A9E93+543699]
GetHandleVerifier [0x005A92CE+540686]
Ordinal0 [0x004B86BA+2066106]
Ordinal0 [0x004BD1C8+2085320]
Ordinal0 [0x004BD308+2085640]
Ordinal0 [0x004C67F3+2123763]
BaseThreadInitThunk [0x767138F4+36]
RtlUnicodeStringToInteger [0x770E5DE3+595]
RtlUnicodeStringToInteger [0x770E5DAE+542]

at org.openqa.selenium.remote.W3CHandshakeResponse.lambda$errorHandler$0(W3CHandshakeResponse.java:62)
at org.openqa.selenium.remote.HandshakeResponse.lambda$getResponseFunction$0(HandshakeResponse.java:30)
at org.openqa.selenium.remote.ProtocolHandshake.lambda$createSession$0(ProtocolHandshake.java:126)
at java.base/java.util.stream.ReferencePipeline$3$1.accept(ReferencePipeline.java:195)
at java.base/java.util.Spliterators$ArraySpliterator.tryAdvance(Spliterators.java:958)
at java.base/java.util.stream.ReferencePipeline.forEachWithCancel(ReferencePipeline.java:127)
at java.base/java.util.stream.AbstractPipeline.copyIntoWithCancel(AbstractPipeline.java:502)
at java.base/java.util.stream.AbstractPipeline.copyInto(AbstractPipeline.java:488)
at java.base/java.util.stream.AbstractPipeline.wrapAndCopyInto(AbstractPipeline.java:474)
at java.base/java.util.stream.FindOps$FindOp.evaluateSequential(FindOps.java:150)
at java.base/java.util.stream.AbstractPipeline.evaluate(AbstractPipeline.java:234)
at java.base/java.util.stream.ReferencePipeline.findFirst(ReferencePipeline.java:543)
at org.openqa.selenium.remote.ProtocolHandshake.createSession(ProtocolHandshake.java:128)
at org.openqa.selenium.remote.ProtocolHandshake.createSession(ProtocolHandshake.java:74)
at org.openqa.selenium.remote.HttpCommandExecutor.execute(HttpCommandExecutor.java:136)
at org.openqa.selenium.remote.service.DriverCommandExecutor.execute(DriverCommandExecutor.java:83)
at org.openqa.selenium.remote.RemoteWebDriver.execute(RemoteWebDriver.java:552)
at org.openqa.selenium.remote.RemoteWebDriver.startSession(RemoteWebDriver.java:213)
at org.openqa.selenium.remote.RemoteWebDriver.<init>(RemoteWebDriver.java:131)
at org.openqa.selenium.chrome.ChromeDriver.<init>(ChromeDriver.java:181)
at org.openqa.selenium.chrome.ChromeDriver.<init>(ChromeDriver.java:168)
at org.openqa.selenium.chrome.ChromeDriver.<init>(ChromeDriver.java:123)
at testCases.MyFirstTestCaseTest.testCase_001(MyFirstTestCaseTest.java:16)
... Removed 29 stack frames]]>
    </failure>
  </testcase> <!-- testCase_001 -->
</testsuite> <!-- Regression -->
